[2019-06-22 12:49:09] local.ERROR: Maximum execution time of 60 seconds exceeded {"exception":"[object] (Symfony\\Component\\Debug\\Exception\\FatalErrorException(code: 1): Maximum execution time of 60 seconds exceeded at C:\\wamp64\\www\\Midas-Sandbox\\vendor\\laravel\\framework\\src\\Illuminate\\Session\\SessionServiceProvider.php:8)
[stacktrace]
#0 {main}
"} 
[2019-06-22 12:55:31] local.ERROR: Maximum execution time of 60 seconds exceeded {"exception":"[object] (Symfony\\Component\\Debug\\Exception\\FatalErrorException(code: 1): Maximum execution time of 60 seconds exceeded at C:\\wamp64\\www\\Midas-Sandbox\\vendor\\laravel\\framework\\src\\Illuminate\\Routing\\RouteParameterBinder.php:7)
[stacktrace]
#0 {main}
"} 
[2019-06-22 13:23:33] local.ERROR: Maximum execution time of 60 seconds exceeded {"userId":1304,"email":"staff@midas.com","exception":"[object] (Symfony\\Component\\Debug\\Exception\\FatalErrorException(code: 1): Maximum execution time of 60 seconds exceeded at C:\\wamp64\\www\\Midas-Sandbox\\vendor\\laravel\\framework\\src\\Illuminate\\Contracts\\Auth\\SupportsBasicAuth.php:5)
[stacktrace]
#0 {main}
"} 
[2019-06-22 13:27:28] local.ERROR: Maximum execution time of 60 seconds exceeded {"exception":"[object] (Symfony\\Component\\Debug\\Exception\\FatalErrorException(code: 1): Maximum execution time of 60 seconds exceeded at C:\\wamp64\\www\\Midas-Sandbox\\vendor\\laravel\\framework\\src\\Illuminate\\Database\\Schema\\MySqlBuilder.php:5)
[stacktrace]
#0 {main}
"} 
[2019-06-22 15:04:35] local.ERROR: Maximum execution time of 60 seconds exceeded {"exception":"[object] (Symfony\\Component\\Debug\\Exception\\FatalErrorException(code: 1): Maximum execution time of 60 seconds exceeded at C:\\wamp64\\www\\Midas-Sandbox\\vendor\\laravel\\framework\\src\\Illuminate\\Support\\Facades\\Schema.php:14)
[stacktrace]
#0 {main}
"} 
[2019-06-22 15:42:17] local.ERROR: Maximum execution time of 60 seconds exceeded {"userId":1304,"email":"staff@midas.com","exception":"[object] (Symfony\\Component\\Debug\\Exception\\FatalErrorException(code: 1): Maximum execution time of 60 seconds exceeded at C:\\wamp64\\www\\Midas-Sandbox\\storage\\framework\\views\\de436e1aef12ae2d7159b8c09d2318a67cf3613b.php:1)
[stacktrace]
#0 {main}
"} 
