[2019-08-02 08:19:27] local.ERROR: Maximum execution time of 60 seconds exceeded {"exception":"[object] (Symfony\\Component\\Debug\\Exception\\FatalErrorException(code: 1): Maximum execution time of 60 seconds exceeded at C:\\wamp64\\www\\midas.dev\\vendor\\laravel\\framework\\src\\Illuminate\\Contracts\\Session\\Session.php:5)
[stacktrace]
#0 {main}
"} 
[2019-08-02 08:36:55] local.ERROR: Maximum execution time of 60 seconds exceeded {"exception":"[object] (Symfony\\Component\\Debug\\Exception\\FatalErrorException(code: 1): Maximum execution time of 60 seconds exceeded at C:\\wamp64\\www\\midas.dev\\vendor\\laravel\\framework\\src\\Illuminate\\Console\\Application.php:22)
[stacktrace]
#0 {main}
"} 
[2019-08-02 08:39:09] local.ERROR: Maximum execution time of 60 seconds exceeded {"exception":"[object] (Symfony\\Component\\Debug\\Exception\\FatalErrorException(code: 1): Maximum execution time of 60 seconds exceeded at C:\\wamp64\\www\\midas.dev\\vendor\\laravel\\framework\\src\\Illuminate\\Validation\\ValidationServiceProvider.php:7)
[stacktrace]
#0 {main}
"} 
[2019-08-02 09:02:32] local.ERROR: Maximum execution time of 60 seconds exceeded {"exception":"[object] (Symfony\\Component\\Debug\\Exception\\FatalErrorException(code: 1): Maximum execution time of 60 seconds exceeded at C:\\wamp64\\www\\midas.dev\\vendor\\maatwebsite\\excel\\src\\Mixins\\StoreCollection.php:10)
[stacktrace]
#0 {main}
"} 
[2019-08-02 18:30:20] local.ERROR: Maximum execution time of 60 seconds exceeded {"exception":"[object] (Symfony\\Component\\Debug\\Exception\\FatalErrorException(code: 1): Maximum execution time of 60 seconds exceeded at C:\\wamp64\\www\\midas.dev\\vendor\\laravel\\framework\\src\\Illuminate\\Database\\DatabaseManager.php:14)
[stacktrace]
#0 {main}
"} 
