[2019-09-05 08:54:01] local.ERROR: Maximum execution time of 60 seconds exceeded {"exception":"[object] (Symfony\\Component\\Debug\\Exception\\FatalErrorException(code: 1): Maximum execution time of 60 seconds exceeded at C:\\wamp64\\www\\app.midas.local\\vendor\
esbot\\carbon\\src\\Carbon\\Laravel\\ServiceProvider.php:11)
[stacktrace]
#0 {main}
"} 
[2019-09-05 08:56:34] local.ERROR: Maximum execution time of 60 seconds exceeded {"exception":"[object] (Symfony\\Component\\Debug\\Exception\\FatalErrorException(code: 1): Maximum execution time of 60 seconds exceeded at C:\\wamp64\\www\\app.midas.local\\vendor\\laravel\\framework\\src\\Illuminate\\View\\Compilers\\BladeCompiler.php:8)
[stacktrace]
#0 {main}
"} 
[2019-09-05 09:07:09] local.ERROR: Maximum execution time of 60 seconds exceeded {"exception":"[object] (Symfony\\Component\\Debug\\Exception\\FatalErrorException(code: 1): Maximum execution time of 60 seconds exceeded at C:\\wamp64\\www\\app.midas.local\\vendor\\barryvdh\\laravel-dompdf\\src\\ServiceProvider.php:8)
[stacktrace]
#0 {main}
"} 
[2019-09-05 09:09:05] local.ERROR: Maximum execution time of 60 seconds exceeded {"exception":"[object] (Symfony\\Component\\Debug\\Exception\\FatalErrorException(code: 1): Maximum execution time of 60 seconds exceeded at C:\\wamp64\\www\\app.midas.local\\vendor\\laravel\\framework\\src\\Illuminate\\Routing\\Matching\\UriValidator.php:8)
[stacktrace]
#0 {main}
"} 
[2019-09-05 09:11:37] local.ERROR: Maximum execution time of 60 seconds exceeded {"exception":"[object] (Symfony\\Component\\Debug\\Exception\\FatalErrorException(code: 1): Maximum execution time of 60 seconds exceeded at C:\\wamp64\\www\\app.midas.local\\vendor\\consoletvs\\charts\\src\\ChartsServiceProvider.php:8)
[stacktrace]
#0 {main}
"} 
[2019-09-05 09:28:27] local.ERROR: Maximum execution time of 60 seconds exceeded {"exception":"[object] (Symfony\\Component\\Debug\\Exception\\FatalErrorException(code: 1): Maximum execution time of 60 seconds exceeded at C:\\wamp64\\www\\app.midas.local\\vendor\\laravel\\framework\\src\\Illuminate\\Database\\Connectors\\ConnectionFactory.php:15)
[stacktrace]
#0 {main}
"} 
[2019-09-05 09:38:33] local.ERROR: Maximum execution time of 60 seconds exceeded {"userId":4,"email":"TER4HUMANITY@GMAIL.COM","exception":"[object] (Symfony\\Component\\Debug\\Exception\\FatalErrorException(code: 1): Maximum execution time of 60 seconds exceeded at C:\\wamp64\\www\\app.midas.local\\vendor\\laravel\\framework\\src\\Illuminate\\Http\\Response.php:13)
[stacktrace]
#0 {main}
"} 
[2019-09-05 09:52:13] local.ERROR: Maximum execution time of 60 seconds exceeded {"exception":"[object] (Symfony\\Component\\Debug\\Exception\\FatalErrorException(code: 1): Maximum execution time of 60 seconds exceeded at C:\\wamp64\\www\\app.midas.local\\vendor\\laravel\\framework\\src\\Illuminate\\View\\Compilers\\BladeCompiler.php:8)
[stacktrace]
#0 {main}
"} 
